<?xml version="1.0" encoding="UTF-8"?>
<!-- Generated by org.testng.reporters.JUnitReportReporter -->
<testsuite hostname="LAPTOP-BAG891I7" failures="0" tests="3" name="test.POST_API_TEST" time="5.047" errors="0" timestamp="2022-04-10T23:20:03 CEST" skipped="0">
  <testcase classname="test.POST_API_TEST" name="POST_CALL_TEST_201" time="2.295"/>
  <system-out/>
  <testcase classname="test.POST_API_TEST" name="POST_CALL_TEST_422" time="1.315"/>
  <system-out/>
  <testcase classname="test.POST_API_TEST" name="POST_CALL_TEST_401" time="1.437"/>
  <system-out/>
</testsuite> <!-- test.POST_API_TEST -->
