<?xml version="1.0" encoding="UTF-8"?>
<!-- Generated by org.testng.reporters.JUnitReportReporter -->
<testsuite hostname="LAPTOP-BAG891I7" failures="0" tests="2" name="test.GET_API_TEST" time="3.488" errors="0" timestamp="2022-04-10T23:48:43 CEST" skipped="0">
  <testcase classname="test.GET_API_TEST" name="GET_CALL_TEST_200" time="2.081"/>
  <system-out/>
  <testcase classname="test.GET_API_TEST" name="GET_CALL_TEST_404" time="1.407"/>
  <system-out/>
</testsuite> <!-- test.GET_API_TEST -->
